# JRE version: OpenJDK Runtime Environment (25.0.1) (build 25.0.1)
# Java VM: OpenJDK 64-Bit Server VM (25.0.1, mixed mode, sharing, tiered, compressed oops, compressed class ptrs, g1 gc, linux-amd64)
GC Precious Log:
 CardTable entry size: 512
 Card Set container configuration: InlinePtr #cards 4 size 8 Array Of Cards #cards 32 size 80 Howl #buckets 8 coarsen threshold 7372 Howl Bitmap #cards 1024 size 144 coarsen threshold 921 Card regions per heap region 1 cards per card region 8192
 CPUs: 12 total, 12 available
 Memory: 31819M
 Large Page Support: Disabled
 NUMA Support: Disabled
 Compressed Oops: Enabled (Zero based)
 Heap Region Size: 4M
 Heap Min Capacity: 8M
 Heap Initial Capacity: 500M
 Heap Max Capacity: 7956M
 Pre-touch: Disabled
 Parallel Workers: 10
 Concurrent Workers: 3
 Concurrent Refinement Workers: 10
 Periodic GC: Disabled
Heap:
 garbage-first heap   total reserved 8146944K, committed 270336K, used 111427K [0x000000060ec00000, 0x0000000800000000)
  region size 4096K, 4 young (16384K), 2 survivors (8192K)
GC Heap Usage History (20 events):
Event: 309,931 {heap Before GC invocations=52 (full 0):
 garbage-first heap   total reserved 8146944K, committed 270336K, used 247864K [0x000000060ec00000, 0x0000000800000000)
  region size 4096K, 36 young (147456K), 2 survivors (8192K)
}
Event: 309,933 {heap After GC invocations=53 (full 0):
 garbage-first heap   total reserved 8146944K, committed 270336K, used 109080K [0x000000060ec00000, 0x0000000800000000)
  region size 4096K, 3 young (12288K), 3 survivors (12288K)
}
Event: 312,970 {heap Before GC invocations=54 (full 0):
 garbage-first heap   total reserved 8146944K, committed 270336K, used 248344K [0x000000060ec00000, 0x0000000800000000)
  region size 4096K, 37 young (151552K), 3 survivors (12288K)
}
Event: 312,972 {heap After GC invocations=55 (full 0):
 garbage-first heap   total reserved 8146944K, committed 270336K, used 108884K [0x000000060ec00000, 0x0000000800000000)
  region size 4096K, 2 young (8192K), 2 survivors (8192K)
}
Event: 318,678 {heap Before GC invocations=55 (full 0):
 garbage-first heap   total reserved 8146944K, committed 270336K, used 248148K [0x000000060ec00000, 0x0000000800000000)
  region size 4096K, 37 young (151552K), 2 survivors (8192K)
}
Event: 318,681 {heap After GC invocations=56 (full 0):
 garbage-first heap   total reserved 8146944K, committed 270336K, used 108309K [0x000000060ec00000, 0x0000000800000000)
  region size 4096K, 2 young (8192K), 2 survivors (8192K)
}
Event: 330,877 {heap Before GC invocations=56 (full 0):
 garbage-first heap   total reserved 8146944K, committed 270336K, used 247573K [0x000000060ec00000, 0x0000000800000000)
  region size 4096K, 37 young (151552K), 2 survivors (8192K)
}
Event: 330,879 {heap After GC invocations=57 (full 0):
 garbage-first heap   total reserved 8146944K, committed 270336K, used 109515K [0x000000060ec00000, 0x0000000800000000)
  region size 4096K, 3 young (12288K), 3 survivors (12288K)
}
Event: 336,098 {heap Before GC invocations=58 (full 0):
 garbage-first heap   total reserved 8146944K, committed 270336K, used 244683K [0x000000060ec00000, 0x0000000800000000)
  region size 4096K, 36 young (147456K), 3 survivors (12288K)
}
Event: 336,100 {heap After GC invocations=59 (full 0):
 garbage-first heap   total reserved 8146944K, committed 270336K, used 108534K [0x000000060ec00000, 0x0000000800000000)
  region size 4096K, 2 young (8192K), 2 survivors (8192K)
}
Event: 340,175 {heap Before GC invocations=59 (full 0):
 garbage-first heap   total reserved 8146944K, committed 270336K, used 247798K [0x000000060ec00000, 0x0000000800000000)
  region size 4096K, 36 young (147456K), 2 survivors (8192K)
}
Event: 340,178 {heap After GC invocations=60 (full 0):
 garbage-first heap   total reserved 8146944K, committed 270336K, used 108353K [0x000000060ec00000, 0x0000000800000000)
  region size 4096K, 3 young (12288K), 3 survivors (12288K)
}
Event: 342,719 {heap Before GC invocations=60 (full 0):
 garbage-first heap   total reserved 8146944K, committed 270336K, used 243521K [0x000000060ec00000, 0x0000000800000000)
  region size 4096K, 37 young (151552K), 3 survivors (12288K)
}
Event: 342,722 {heap After GC invocations=61 (full 0):
 garbage-first heap   total reserved 8146944K, committed 270336K, used 108064K [0x000000060ec00000, 0x0000000800000000)
  region size 4096K, 2 young (8192K), 2 survivors (8192K)
}
Event: 345,741 {heap Before GC invocations=62 (full 0):
 garbage-first heap   total reserved 8146944K, committed 270336K, used 247328K [0x000000060ec00000, 0x0000000800000000)
  region size 4096K, 37 young (151552K), 2 survivors (8192K)
}
Event: 345,744 {heap After GC invocations=63 (full 0):
 garbage-first heap   total reserved 8146944K, committed 270336K, used 108913K [0x000000060ec00000, 0x0000000800000000)
  region size 4096K, 3 young (12288K), 3 survivors (12288K)
}
Event: 369,554 {heap Before GC invocations=63 (full 0):
 garbage-first heap   total reserved 8146944K, committed 270336K, used 239985K [0x000000060ec00000, 0x0000000800000000)
  region size 4096K, 36 young (147456K), 3 survivors (12288K)
}
Event: 369,557 {heap After GC invocations=64 (full 0):
 garbage-first heap   total reserved 8146944K, committed 270336K, used 107207K [0x000000060ec00000, 0x0000000800000000)
  region size 4096K, 2 young (8192K), 2 survivors (8192K)
}
Event: 375,805 {heap Before GC invocations=64 (full 0):
 garbage-first heap   total reserved 8146944K, committed 270336K, used 242375K [0x000000060ec00000, 0x0000000800000000)
  region size 4096K, 36 young (147456K), 2 survivors (8192K)
}
Event: 375,807 {heap After GC invocations=65 (full 0):
 garbage-first heap   total reserved 8146944K, committed 270336K, used 107331K [0x000000060ec00000, 0x0000000800000000)
  region size 4096K, 2 young (8192K), 2 survivors (8192K)
}

